<?xml version="1.0" encoding="UTF-8"?>
<!-- Generated by org.testng.reporters.JUnitReportReporter -->
<testsuite hostname="Mubaraks-MacBook-Pro-2.local" failures="0" tests="1" name="tests.Wallet_LoginTest" time="4.628" errors="0" timestamp="2022-11-18T12:16:48 WAT" skipped="0">
  <testcase classname="tests.Wallet_LoginTest" name="loginTest" time="4.628"/>
  <system-out/>
</testsuite> <!-- tests.Wallet_LoginTest -->
